[2023-09-10 13:04:26.036] [info] Using configuration file /home/sharon/.config/waybar/config.jsonc
[2023-09-10 13:04:26.036] [info] Using CSS file /home/sharon/.config/waybar/style.css

(waybar:4052509): GLib-GObject-CRITICAL **: 13:04:26.065: ../glib/gobject/gsignal.c:2088: type 'GtkWindow' is already overridden for signal id '73'

(waybar:4052509): GLib-GObject-CRITICAL **: 13:04:26.065: ../glib/gobject/gsignal.c:2088: type 'GtkWindow' is already overridden for signal id '72'

** (waybar:4052509): WARNING **: 13:04:26.276: Status Notifier Item with bus name ':1.140' and object path '/org/ayatana/NotificationItem/whatsapp_nativefier_d402111' is already registered

(waybar:4052509): Gtk-CRITICAL **: 13:04:26.286: gtk_widget_set_accel_path: assertion 'GTK_IS_ACCEL_GROUP (accel_group)' failed

(waybar:4052509): Gtk-CRITICAL **: 13:04:26.286: gtk_widget_add_accelerator: assertion 'GTK_IS_ACCEL_GROUP (accel_group)' failed

(waybar:4052509): Gtk-CRITICAL **: 13:04:26.287: gtk_widget_set_accel_path: assertion 'GTK_IS_ACCEL_GROUP (accel_group)' failed

(waybar:4052509): Gtk-CRITICAL **: 13:04:26.288: gtk_widget_add_accelerator: assertion 'GTK_IS_ACCEL_GROUP (accel_group)' failed
[2023-09-10 13:04:26.313] [warning] Requested height: 16 is less than the minimum height: 40 required by the modules
[2023-09-10 13:04:26.313] [info] Bar configured (width: 1920, height: 40) for output: HDMI-A-1
[2023-09-10 13:04:26.313] [warning] Requested height: 16 is less than the minimum height: 40 required by the modules
[2023-09-10 13:04:26.313] [info] Bar configured (width: 1920, height: 40) for output: eDP-1

(waybar:4052509): Gtk-CRITICAL **: 13:40:04.437: gtk_widget_set_accel_path: assertion 'GTK_IS_ACCEL_GROUP (accel_group)' failed

(waybar:4052509): Gtk-CRITICAL **: 13:40:04.437: gtk_widget_add_accelerator: assertion 'GTK_IS_ACCEL_GROUP (accel_group)' failed

(waybar:4052509): Gtk-CRITICAL **: 13:40:04.438: gtk_widget_set_accel_path: assertion 'GTK_IS_ACCEL_GROUP (accel_group)' failed

(waybar:4052509): Gtk-CRITICAL **: 13:40:04.438: gtk_widget_add_accelerator: assertion 'GTK_IS_ACCEL_GROUP (accel_group)' failed

(waybar:4052509): Gtk-CRITICAL **: 13:40:13.448: gtk_widget_set_accel_path: assertion 'GTK_IS_ACCEL_GROUP (accel_group)' failed

(waybar:4052509): Gtk-CRITICAL **: 13:40:13.449: gtk_widget_add_accelerator: assertion 'GTK_IS_ACCEL_GROUP (accel_group)' failed

(waybar:4052509): Gtk-CRITICAL **: 13:40:13.449: gtk_widget_set_accel_path: assertion 'GTK_IS_ACCEL_GROUP (accel_group)' failed

(waybar:4052509): Gtk-CRITICAL **: 13:40:13.449: gtk_widget_add_accelerator: assertion 'GTK_IS_ACCEL_GROUP (accel_group)' failed

(waybar:4052509): Gtk-CRITICAL **: 14:04:47.663: gtk_widget_set_accel_path: assertion 'GTK_IS_ACCEL_GROUP (accel_group)' failed

(waybar:4052509): Gtk-CRITICAL **: 14:04:47.663: gtk_widget_add_accelerator: assertion 'GTK_IS_ACCEL_GROUP (accel_group)' failed

(waybar:4052509): Gtk-CRITICAL **: 14:04:47.665: gtk_widget_set_accel_path: assertion 'GTK_IS_ACCEL_GROUP (accel_group)' failed

(waybar:4052509): Gtk-CRITICAL **: 14:04:47.665: gtk_widget_add_accelerator: assertion 'GTK_IS_ACCEL_GROUP (accel_group)' failed

(waybar:4052509): Gtk-CRITICAL **: 14:08:33.884: gtk_widget_set_accel_path: assertion 'GTK_IS_ACCEL_GROUP (accel_group)' failed

(waybar:4052509): Gtk-CRITICAL **: 14:08:33.884: gtk_widget_add_accelerator: assertion 'GTK_IS_ACCEL_GROUP (accel_group)' failed

(waybar:4052509): Gtk-CRITICAL **: 14:08:33.886: gtk_widget_set_accel_path: assertion 'GTK_IS_ACCEL_GROUP (accel_group)' failed

(waybar:4052509): Gtk-CRITICAL **: 14:08:33.886: gtk_widget_add_accelerator: assertion 'GTK_IS_ACCEL_GROUP (accel_group)' failed

(waybar:4052509): Gtk-CRITICAL **: 14:09:39.026: gtk_widget_set_accel_path: assertion 'GTK_IS_ACCEL_GROUP (accel_group)' failed

(waybar:4052509): Gtk-CRITICAL **: 14:09:39.026: gtk_widget_add_accelerator: assertion 'GTK_IS_ACCEL_GROUP (accel_group)' failed

(waybar:4052509): Gtk-CRITICAL **: 14:09:39.028: gtk_widget_set_accel_path: assertion 'GTK_IS_ACCEL_GROUP (accel_group)' failed

(waybar:4052509): Gtk-CRITICAL **: 14:09:39.028: gtk_widget_add_accelerator: assertion 'GTK_IS_ACCEL_GROUP (accel_group)' failed

(waybar:4052509): Gtk-CRITICAL **: 14:09:39.945: gtk_widget_set_accel_path: assertion 'GTK_IS_ACCEL_GROUP (accel_group)' failed

(waybar:4052509): Gtk-CRITICAL **: 14:09:39.945: gtk_widget_add_accelerator: assertion 'GTK_IS_ACCEL_GROUP (accel_group)' failed

(waybar:4052509): Gtk-CRITICAL **: 14:09:39.947: gtk_widget_set_accel_path: assertion 'GTK_IS_ACCEL_GROUP (accel_group)' failed

(waybar:4052509): Gtk-CRITICAL **: 14:09:39.947: gtk_widget_add_accelerator: assertion 'GTK_IS_ACCEL_GROUP (accel_group)' failed

(waybar:4052509): Gtk-CRITICAL **: 14:17:20.464: gtk_widget_set_accel_path: assertion 'GTK_IS_ACCEL_GROUP (accel_group)' failed

(waybar:4052509): Gtk-CRITICAL **: 14:17:20.464: gtk_widget_add_accelerator: assertion 'GTK_IS_ACCEL_GROUP (accel_group)' failed

(waybar:4052509): Gtk-CRITICAL **: 14:17:20.466: gtk_widget_set_accel_path: assertion 'GTK_IS_ACCEL_GROUP (accel_group)' failed

(waybar:4052509): Gtk-CRITICAL **: 14:17:20.466: gtk_widget_add_accelerator: assertion 'GTK_IS_ACCEL_GROUP (accel_group)' failed

(waybar:4052509): Gtk-CRITICAL **: 14:25:18.056: gtk_widget_set_accel_path: assertion 'GTK_IS_ACCEL_GROUP (accel_group)' failed

(waybar:4052509): Gtk-CRITICAL **: 14:25:18.056: gtk_widget_add_accelerator: assertion 'GTK_IS_ACCEL_GROUP (accel_group)' failed

(waybar:4052509): Gtk-CRITICAL **: 14:25:18.060: gtk_widget_set_accel_path: assertion 'GTK_IS_ACCEL_GROUP (accel_group)' failed

(waybar:4052509): Gtk-CRITICAL **: 14:25:18.060: gtk_widget_add_accelerator: assertion 'GTK_IS_ACCEL_GROUP (accel_group)' failed

(waybar:4052509): Gtk-CRITICAL **: 18:15:25.396: gtk_widget_set_accel_path: assertion 'GTK_IS_ACCEL_GROUP (accel_group)' failed

(waybar:4052509): Gtk-CRITICAL **: 18:15:25.396: gtk_widget_add_accelerator: assertion 'GTK_IS_ACCEL_GROUP (accel_group)' failed

(waybar:4052509): Gtk-CRITICAL **: 18:15:25.396: gtk_widget_set_accel_path: assertion 'GTK_IS_ACCEL_GROUP (accel_group)' failed

(waybar:4052509): Gtk-CRITICAL **: 18:15:25.396: gtk_widget_add_accelerator: assertion 'GTK_IS_ACCEL_GROUP (accel_group)' failed

(waybar:4052509): Gtk-CRITICAL **: 18:28:13.866: gtk_widget_set_accel_path: assertion 'GTK_IS_ACCEL_GROUP (accel_group)' failed

(waybar:4052509): Gtk-CRITICAL **: 18:28:13.866: gtk_widget_add_accelerator: assertion 'GTK_IS_ACCEL_GROUP (accel_group)' failed

(waybar:4052509): Gtk-CRITICAL **: 18:28:13.868: gtk_widget_set_accel_path: assertion 'GTK_IS_ACCEL_GROUP (accel_group)' failed

(waybar:4052509): Gtk-CRITICAL **: 18:28:13.868: gtk_widget_add_accelerator: assertion 'GTK_IS_ACCEL_GROUP (accel_group)' failed

(waybar:4052509): Gtk-CRITICAL **: 18:29:15.817: gtk_widget_set_accel_path: assertion 'GTK_IS_ACCEL_GROUP (accel_group)' failed

(waybar:4052509): Gtk-CRITICAL **: 18:29:15.817: gtk_widget_add_accelerator: assertion 'GTK_IS_ACCEL_GROUP (accel_group)' failed

(waybar:4052509): Gtk-CRITICAL **: 18:29:15.818: gtk_widget_set_accel_path: assertion 'GTK_IS_ACCEL_GROUP (accel_group)' failed

(waybar:4052509): Gtk-CRITICAL **: 18:29:15.818: gtk_widget_add_accelerator: assertion 'GTK_IS_ACCEL_GROUP (accel_group)' failed

(waybar:4052509): Gtk-CRITICAL **: 18:29:25.166: gtk_widget_set_accel_path: assertion 'GTK_IS_ACCEL_GROUP (accel_group)' failed

(waybar:4052509): Gtk-CRITICAL **: 18:29:25.166: gtk_widget_add_accelerator: assertion 'GTK_IS_ACCEL_GROUP (accel_group)' failed

(waybar:4052509): Gtk-CRITICAL **: 18:29:25.168: gtk_widget_set_accel_path: assertion 'GTK_IS_ACCEL_GROUP (accel_group)' failed

(waybar:4052509): Gtk-CRITICAL **: 18:29:25.168: gtk_widget_add_accelerator: assertion 'GTK_IS_ACCEL_GROUP (accel_group)' failed

(waybar:4052509): Gtk-CRITICAL **: 18:29:57.838: gtk_widget_set_accel_path: assertion 'GTK_IS_ACCEL_GROUP (accel_group)' failed

(waybar:4052509): Gtk-CRITICAL **: 18:29:57.838: gtk_widget_add_accelerator: assertion 'GTK_IS_ACCEL_GROUP (accel_group)' failed

(waybar:4052509): Gtk-CRITICAL **: 18:29:57.839: gtk_widget_set_accel_path: assertion 'GTK_IS_ACCEL_GROUP (accel_group)' failed

(waybar:4052509): Gtk-CRITICAL **: 18:29:57.839: gtk_widget_add_accelerator: assertion 'GTK_IS_ACCEL_GROUP (accel_group)' failed

(waybar:4052509): Gtk-CRITICAL **: 18:31:10.853: gtk_widget_set_accel_path: assertion 'GTK_IS_ACCEL_GROUP (accel_group)' failed

(waybar:4052509): Gtk-CRITICAL **: 18:31:10.853: gtk_widget_add_accelerator: assertion 'GTK_IS_ACCEL_GROUP (accel_group)' failed

(waybar:4052509): Gtk-CRITICAL **: 18:31:10.855: gtk_widget_set_accel_path: assertion 'GTK_IS_ACCEL_GROUP (accel_group)' failed

(waybar:4052509): Gtk-CRITICAL **: 18:31:10.855: gtk_widget_add_accelerator: assertion 'GTK_IS_ACCEL_GROUP (accel_group)' failed

(waybar:4052509): Gtk-CRITICAL **: 18:32:25.545: gtk_widget_set_accel_path: assertion 'GTK_IS_ACCEL_GROUP (accel_group)' failed

(waybar:4052509): Gtk-CRITICAL **: 18:32:25.545: gtk_widget_add_accelerator: assertion 'GTK_IS_ACCEL_GROUP (accel_group)' failed

(waybar:4052509): Gtk-CRITICAL **: 18:32:25.547: gtk_widget_set_accel_path: assertion 'GTK_IS_ACCEL_GROUP (accel_group)' failed

(waybar:4052509): Gtk-CRITICAL **: 18:32:25.547: gtk_widget_add_accelerator: assertion 'GTK_IS_ACCEL_GROUP (accel_group)' failed

(waybar:4052509): Gtk-CRITICAL **: 18:32:50.387: gtk_widget_set_accel_path: assertion 'GTK_IS_ACCEL_GROUP (accel_group)' failed

(waybar:4052509): Gtk-CRITICAL **: 18:32:50.387: gtk_widget_add_accelerator: assertion 'GTK_IS_ACCEL_GROUP (accel_group)' failed

(waybar:4052509): Gtk-CRITICAL **: 18:32:50.388: gtk_widget_set_accel_path: assertion 'GTK_IS_ACCEL_GROUP (accel_group)' failed

(waybar:4052509): Gtk-CRITICAL **: 18:32:50.388: gtk_widget_add_accelerator: assertion 'GTK_IS_ACCEL_GROUP (accel_group)' failed

(waybar:4052509): Gtk-CRITICAL **: 18:34:55.216: gtk_widget_set_accel_path: assertion 'GTK_IS_ACCEL_GROUP (accel_group)' failed

(waybar:4052509): Gtk-CRITICAL **: 18:34:55.216: gtk_widget_add_accelerator: assertion 'GTK_IS_ACCEL_GROUP (accel_group)' failed

(waybar:4052509): Gtk-CRITICAL **: 18:34:55.219: gtk_widget_set_accel_path: assertion 'GTK_IS_ACCEL_GROUP (accel_group)' failed

(waybar:4052509): Gtk-CRITICAL **: 18:34:55.219: gtk_widget_add_accelerator: assertion 'GTK_IS_ACCEL_GROUP (accel_group)' failed

(waybar:4052509): Gtk-CRITICAL **: 18:35:17.283: gtk_widget_set_accel_path: assertion 'GTK_IS_ACCEL_GROUP (accel_group)' failed

(waybar:4052509): Gtk-CRITICAL **: 18:35:17.283: gtk_widget_add_accelerator: assertion 'GTK_IS_ACCEL_GROUP (accel_group)' failed

(waybar:4052509): Gtk-CRITICAL **: 18:35:17.284: gtk_widget_set_accel_path: assertion 'GTK_IS_ACCEL_GROUP (accel_group)' failed

(waybar:4052509): Gtk-CRITICAL **: 18:35:17.284: gtk_widget_add_accelerator: assertion 'GTK_IS_ACCEL_GROUP (accel_group)' failed

(waybar:4052509): Gtk-CRITICAL **: 18:39:10.713: gtk_widget_set_accel_path: assertion 'GTK_IS_ACCEL_GROUP (accel_group)' failed

(waybar:4052509): Gtk-CRITICAL **: 18:39:10.713: gtk_widget_add_accelerator: assertion 'GTK_IS_ACCEL_GROUP (accel_group)' failed

(waybar:4052509): Gtk-CRITICAL **: 18:39:10.715: gtk_widget_set_accel_path: assertion 'GTK_IS_ACCEL_GROUP (accel_group)' failed

(waybar:4052509): Gtk-CRITICAL **: 18:39:10.715: gtk_widget_add_accelerator: assertion 'GTK_IS_ACCEL_GROUP (accel_group)' failed

(waybar:4052509): Gtk-CRITICAL **: 18:39:17.939: gtk_widget_set_accel_path: assertion 'GTK_IS_ACCEL_GROUP (accel_group)' failed

(waybar:4052509): Gtk-CRITICAL **: 18:39:17.939: gtk_widget_add_accelerator: assertion 'GTK_IS_ACCEL_GROUP (accel_group)' failed

(waybar:4052509): Gtk-CRITICAL **: 18:39:17.941: gtk_widget_set_accel_path: assertion 'GTK_IS_ACCEL_GROUP (accel_group)' failed

(waybar:4052509): Gtk-CRITICAL **: 18:39:17.941: gtk_widget_add_accelerator: assertion 'GTK_IS_ACCEL_GROUP (accel_group)' failed

(waybar:4052509): Gtk-CRITICAL **: 18:40:04.465: gtk_widget_set_accel_path: assertion 'GTK_IS_ACCEL_GROUP (accel_group)' failed

(waybar:4052509): Gtk-CRITICAL **: 18:40:04.465: gtk_widget_add_accelerator: assertion 'GTK_IS_ACCEL_GROUP (accel_group)' failed

(waybar:4052509): Gtk-CRITICAL **: 18:40:04.467: gtk_widget_set_accel_path: assertion 'GTK_IS_ACCEL_GROUP (accel_group)' failed

(waybar:4052509): Gtk-CRITICAL **: 18:40:04.467: gtk_widget_add_accelerator: assertion 'GTK_IS_ACCEL_GROUP (accel_group)' failed

(waybar:4052509): Gtk-CRITICAL **: 18:40:11.215: gtk_widget_set_accel_path: assertion 'GTK_IS_ACCEL_GROUP (accel_group)' failed

(waybar:4052509): Gtk-CRITICAL **: 18:40:11.215: gtk_widget_add_accelerator: assertion 'GTK_IS_ACCEL_GROUP (accel_group)' failed

(waybar:4052509): Gtk-CRITICAL **: 18:40:11.216: gtk_widget_set_accel_path: assertion 'GTK_IS_ACCEL_GROUP (accel_group)' failed

(waybar:4052509): Gtk-CRITICAL **: 18:40:11.216: gtk_widget_add_accelerator: assertion 'GTK_IS_ACCEL_GROUP (accel_group)' failed

(waybar:4052509): Gtk-CRITICAL **: 18:40:36.378: gtk_widget_set_accel_path: assertion 'GTK_IS_ACCEL_GROUP (accel_group)' failed

(waybar:4052509): Gtk-CRITICAL **: 18:40:36.378: gtk_widget_add_accelerator: assertion 'GTK_IS_ACCEL_GROUP (accel_group)' failed

(waybar:4052509): Gtk-CRITICAL **: 18:40:36.381: gtk_widget_set_accel_path: assertion 'GTK_IS_ACCEL_GROUP (accel_group)' failed

(waybar:4052509): Gtk-CRITICAL **: 18:40:36.381: gtk_widget_add_accelerator: assertion 'GTK_IS_ACCEL_GROUP (accel_group)' failed

(waybar:4052509): Gtk-CRITICAL **: 18:41:03.821: gtk_widget_set_accel_path: assertion 'GTK_IS_ACCEL_GROUP (accel_group)' failed

(waybar:4052509): Gtk-CRITICAL **: 18:41:03.821: gtk_widget_add_accelerator: assertion 'GTK_IS_ACCEL_GROUP (accel_group)' failed

(waybar:4052509): Gtk-CRITICAL **: 18:41:03.822: gtk_widget_set_accel_path: assertion 'GTK_IS_ACCEL_GROUP (accel_group)' failed

(waybar:4052509): Gtk-CRITICAL **: 18:41:03.822: gtk_widget_add_accelerator: assertion 'GTK_IS_ACCEL_GROUP (accel_group)' failed

(waybar:4052509): Gtk-CRITICAL **: 18:41:29.562: gtk_widget_set_accel_path: assertion 'GTK_IS_ACCEL_GROUP (accel_group)' failed

(waybar:4052509): Gtk-CRITICAL **: 18:41:29.562: gtk_widget_add_accelerator: assertion 'GTK_IS_ACCEL_GROUP (accel_group)' failed

(waybar:4052509): Gtk-CRITICAL **: 18:41:29.562: gtk_widget_set_accel_path: assertion 'GTK_IS_ACCEL_GROUP (accel_group)' failed

(waybar:4052509): Gtk-CRITICAL **: 18:41:29.562: gtk_widget_add_accelerator: assertion 'GTK_IS_ACCEL_GROUP (accel_group)' failed

(waybar:4052509): Gtk-CRITICAL **: 18:41:30.095: gtk_widget_set_accel_path: assertion 'GTK_IS_ACCEL_GROUP (accel_group)' failed

(waybar:4052509): Gtk-CRITICAL **: 18:41:30.095: gtk_widget_add_accelerator: assertion 'GTK_IS_ACCEL_GROUP (accel_group)' failed

(waybar:4052509): Gtk-CRITICAL **: 18:41:30.096: gtk_widget_set_accel_path: assertion 'GTK_IS_ACCEL_GROUP (accel_group)' failed

(waybar:4052509): Gtk-CRITICAL **: 18:41:30.096: gtk_widget_add_accelerator: assertion 'GTK_IS_ACCEL_GROUP (accel_group)' failed

(waybar:4052509): Gtk-CRITICAL **: 18:43:46.032: gtk_widget_set_accel_path: assertion 'GTK_IS_ACCEL_GROUP (accel_group)' failed

(waybar:4052509): Gtk-CRITICAL **: 18:43:46.032: gtk_widget_add_accelerator: assertion 'GTK_IS_ACCEL_GROUP (accel_group)' failed

(waybar:4052509): Gtk-CRITICAL **: 18:43:46.034: gtk_widget_set_accel_path: assertion 'GTK_IS_ACCEL_GROUP (accel_group)' failed

(waybar:4052509): Gtk-CRITICAL **: 18:43:46.034: gtk_widget_add_accelerator: assertion 'GTK_IS_ACCEL_GROUP (accel_group)' failed

(waybar:4052509): Gtk-CRITICAL **: 19:07:22.789: gtk_widget_set_accel_path: assertion 'GTK_IS_ACCEL_GROUP (accel_group)' failed

(waybar:4052509): Gtk-CRITICAL **: 19:07:22.789: gtk_widget_add_accelerator: assertion 'GTK_IS_ACCEL_GROUP (accel_group)' failed

(waybar:4052509): Gtk-CRITICAL **: 19:07:22.791: gtk_widget_set_accel_path: assertion 'GTK_IS_ACCEL_GROUP (accel_group)' failed

(waybar:4052509): Gtk-CRITICAL **: 19:07:22.791: gtk_widget_add_accelerator: assertion 'GTK_IS_ACCEL_GROUP (accel_group)' failed

(waybar:4052509): Gtk-CRITICAL **: 19:07:56.389: gtk_widget_set_accel_path: assertion 'GTK_IS_ACCEL_GROUP (accel_group)' failed

(waybar:4052509): Gtk-CRITICAL **: 19:07:56.389: gtk_widget_add_accelerator: assertion 'GTK_IS_ACCEL_GROUP (accel_group)' failed

(waybar:4052509): Gtk-CRITICAL **: 19:07:56.390: gtk_widget_set_accel_path: assertion 'GTK_IS_ACCEL_GROUP (accel_group)' failed

(waybar:4052509): Gtk-CRITICAL **: 19:07:56.390: gtk_widget_add_accelerator: assertion 'GTK_IS_ACCEL_GROUP (accel_group)' failed

(waybar:4052509): Gtk-CRITICAL **: 19:09:01.604: gtk_widget_set_accel_path: assertion 'GTK_IS_ACCEL_GROUP (accel_group)' failed

(waybar:4052509): Gtk-CRITICAL **: 19:09:01.604: gtk_widget_add_accelerator: assertion 'GTK_IS_ACCEL_GROUP (accel_group)' failed

(waybar:4052509): Gtk-CRITICAL **: 19:09:01.607: gtk_widget_set_accel_path: assertion 'GTK_IS_ACCEL_GROUP (accel_group)' failed

(waybar:4052509): Gtk-CRITICAL **: 19:09:01.607: gtk_widget_add_accelerator: assertion 'GTK_IS_ACCEL_GROUP (accel_group)' failed

(waybar:4052509): Gtk-CRITICAL **: 19:33:01.001: gtk_widget_set_accel_path: assertion 'GTK_IS_ACCEL_GROUP (accel_group)' failed

(waybar:4052509): Gtk-CRITICAL **: 19:33:01.001: gtk_widget_add_accelerator: assertion 'GTK_IS_ACCEL_GROUP (accel_group)' failed

(waybar:4052509): Gtk-CRITICAL **: 19:33:01.002: gtk_widget_set_accel_path: assertion 'GTK_IS_ACCEL_GROUP (accel_group)' failed

(waybar:4052509): Gtk-CRITICAL **: 19:33:01.002: gtk_widget_add_accelerator: assertion 'GTK_IS_ACCEL_GROUP (accel_group)' failed

(waybar:4052509): Gtk-CRITICAL **: 20:00:20.388: gtk_widget_set_accel_path: assertion 'GTK_IS_ACCEL_GROUP (accel_group)' failed

(waybar:4052509): Gtk-CRITICAL **: 20:00:20.388: gtk_widget_add_accelerator: assertion 'GTK_IS_ACCEL_GROUP (accel_group)' failed

(waybar:4052509): Gtk-CRITICAL **: 20:00:20.389: gtk_widget_set_accel_path: assertion 'GTK_IS_ACCEL_GROUP (accel_group)' failed

(waybar:4052509): Gtk-CRITICAL **: 20:00:20.389: gtk_widget_add_accelerator: assertion 'GTK_IS_ACCEL_GROUP (accel_group)' failed

(waybar:4052509): Gtk-WARNING **: 20:22:00.983: Failed to set text '<span>Meg & Dia - Monster</span>' from markup due to error parsing markup: Error on line 1: Entity did not end with a semicolon; most likely you used an ampersand character without intending to start an entity — escape ampersand as &amp;

(waybar:4052509): Gtk-WARNING **: 20:22:00.983: Failed to set text '<span>Meg & Dia - Monster</span>' from markup due to error parsing markup: Error on line 1: Entity did not end with a semicolon; most likely you used an ampersand character without intending to start an entity — escape ampersand as &amp;

(waybar:4052509): Gtk-WARNING **: 20:40:45.541: Failed to set text '<span>Meg & Dia - Monster</span>' from markup due to error parsing markup: Error on line 1: Entity did not end with a semicolon; most likely you used an ampersand character without intending to start an entity — escape ampersand as &amp;

(waybar:4052509): Gtk-WARNING **: 20:40:45.543: Failed to set text '<span>Meg & Dia - Monster</span>' from markup due to error parsing markup: Error on line 1: Entity did not end with a semicolon; most likely you used an ampersand character without intending to start an entity — escape ampersand as &amp;

(waybar:4052509): Gtk-WARNING **: 20:43:49.096: Failed to set text '<span>Meg & Dia - Monster</span>' from markup due to error parsing markup: Error on line 1: Entity did not end with a semicolon; most likely you used an ampersand character without intending to start an entity — escape ampersand as &amp;

(waybar:4052509): Gtk-WARNING **: 20:43:49.096: Failed to set text '<span>Meg & Dia - Monster</span>' from markup due to error parsing markup: Error on line 1: Entity did not end with a semicolon; most likely you used an ampersand character without intending to start an entity — escape ampersand as &amp;

(waybar:4052509): Gtk-WARNING **: 21:05:11.382: Failed to set text '<span>Meg & Dia - Monster</span>' from markup due to error parsing markup: Error on line 1: Entity did not end with a semicolon; most likely you used an ampersand character without intending to start an entity — escape ampersand as &amp;

(waybar:4052509): Gtk-WARNING **: 21:05:11.382: Failed to set text '<span>Meg & Dia - Monster</span>' from markup due to error parsing markup: Error on line 1: Entity did not end with a semicolon; most likely you used an ampersand character without intending to start an entity — escape ampersand as &amp;

(waybar:4052509): Gtk-CRITICAL **: 22:59:30.218: gtk_widget_set_accel_path: assertion 'GTK_IS_ACCEL_GROUP (accel_group)' failed

(waybar:4052509): Gtk-CRITICAL **: 22:59:30.218: gtk_widget_add_accelerator: assertion 'GTK_IS_ACCEL_GROUP (accel_group)' failed

(waybar:4052509): Gtk-CRITICAL **: 22:59:30.219: gtk_widget_set_accel_path: assertion 'GTK_IS_ACCEL_GROUP (accel_group)' failed

(waybar:4052509): Gtk-CRITICAL **: 22:59:30.219: gtk_widget_add_accelerator: assertion 'GTK_IS_ACCEL_GROUP (accel_group)' failed

(waybar:4052509): Gtk-CRITICAL **: 22:59:37.327: gtk_widget_set_accel_path: assertion 'GTK_IS_ACCEL_GROUP (accel_group)' failed

(waybar:4052509): Gtk-CRITICAL **: 22:59:37.327: gtk_widget_add_accelerator: assertion 'GTK_IS_ACCEL_GROUP (accel_group)' failed

(waybar:4052509): Gtk-CRITICAL **: 22:59:37.328: gtk_widget_set_accel_path: assertion 'GTK_IS_ACCEL_GROUP (accel_group)' failed

(waybar:4052509): Gtk-CRITICAL **: 22:59:37.328: gtk_widget_add_accelerator: assertion 'GTK_IS_ACCEL_GROUP (accel_group)' failed
[2023-09-10 23:08:25.766] [info] Bar removed from output: HDMI-A-1

(waybar:4052509): Gtk-WARNING **: 00:34:36.795: Failed to set text '<span>Earth, Wind & Fire - September</span>' from markup due to error parsing markup: Error on line 1: Entity did not end with a semicolon; most likely you used an ampersand character without intending to start an entity — escape ampersand as &amp;

(waybar:4052509): Gtk-CRITICAL **: 10:01:46.694: gtk_widget_set_accel_path: assertion 'GTK_IS_ACCEL_GROUP (accel_group)' failed

(waybar:4052509): Gtk-CRITICAL **: 10:01:46.694: gtk_widget_add_accelerator: assertion 'GTK_IS_ACCEL_GROUP (accel_group)' failed

(waybar:4052509): Gtk-CRITICAL **: 10:01:46.695: gtk_widget_set_accel_path: assertion 'GTK_IS_ACCEL_GROUP (accel_group)' failed

(waybar:4052509): Gtk-CRITICAL **: 10:01:46.695: gtk_widget_add_accelerator: assertion 'GTK_IS_ACCEL_GROUP (accel_group)' failed

(waybar:4052509): Gtk-CRITICAL **: 10:01:56.298: gtk_box_reorder_child: assertion 'old_link != NULL' failed

(waybar:4052509): Gtk-CRITICAL **: 10:01:56.298: gtk_box_reorder_child: assertion 'old_link != NULL' failed

(waybar:4052509): Gtk-CRITICAL **: 10:01:56.298: gtk_box_reorder_child: assertion 'old_link != NULL' failed

(waybar:4052509): Gtk-CRITICAL **: 10:01:56.298: gtk_box_reorder_child: assertion 'old_link != NULL' failed

(waybar:4052509): Gtk-CRITICAL **: 10:01:56.298: gtk_box_reorder_child: assertion 'old_link != NULL' failed

(waybar:4052509): Gtk-CRITICAL **: 10:01:56.298: gtk_box_reorder_child: assertion 'old_link != NULL' failed

(waybar:4052509): Gtk-CRITICAL **: 10:01:56.298: gtk_box_reorder_child: assertion 'old_link != NULL' failed

(waybar:4052509): Gtk-CRITICAL **: 10:01:56.298: gtk_box_reorder_child: assertion 'old_link != NULL' failed

(waybar:4052509): Gtk-CRITICAL **: 10:01:56.298: gtk_box_reorder_child: assertion 'old_link != NULL' failed

(waybar:4052509): Gtk-CRITICAL **: 10:01:56.298: gtk_box_reorder_child: assertion 'old_link != NULL' failed

(waybar:4052509): Gtk-CRITICAL **: 10:01:56.298: gtk_box_reorder_child: assertion 'old_link != NULL' failed

(waybar:4052509): Gtk-CRITICAL **: 10:01:56.298: gtk_box_reorder_child: assertion 'old_link != NULL' failed

(waybar:4052509): Gtk-CRITICAL **: 10:01:56.298: gtk_box_reorder_child: assertion 'old_link != NULL' failed

(waybar:4052509): Gtk-CRITICAL **: 10:01:56.298: gtk_box_reorder_child: assertion 'old_link != NULL' failed

(waybar:4052509): Gtk-CRITICAL **: 10:01:56.298: gtk_box_reorder_child: assertion 'old_link != NULL' failed

(waybar:4052509): Gtk-CRITICAL **: 10:01:56.298: gtk_box_reorder_child: assertion 'old_link != NULL' failed

(waybar:4052509): Gtk-CRITICAL **: 10:01:56.298: gtk_box_reorder_child: assertion 'old_link != NULL' failed

(waybar:4052509): Gtk-CRITICAL **: 10:01:56.298: gtk_box_reorder_child: assertion 'old_link != NULL' failed

(waybar:4052509): Gtk-CRITICAL **: 10:01:56.298: gtk_box_reorder_child: assertion 'old_link != NULL' failed

(waybar:4052509): Gtk-CRITICAL **: 10:01:56.298: gtk_box_reorder_child: assertion 'old_link != NULL' failed

(waybar:4052509): Gtk-CRITICAL **: 10:01:56.298: gtk_box_reorder_child: assertion 'old_link != NULL' failed

(waybar:4052509): Gtk-CRITICAL **: 10:01:56.298: gtk_box_reorder_child: assertion 'old_link != NULL' failed

(waybar:4052509): Gtk-CRITICAL **: 10:01:56.298: gtk_box_reorder_child: assertion 'old_link != NULL' failed

(waybar:4052509): Gtk-CRITICAL **: 10:01:56.298: gtk_box_reorder_child: assertion 'old_link != NULL' failed

(waybar:4052509): Gtk-CRITICAL **: 10:01:56.298: gtk_box_reorder_child: assertion 'old_link != NULL' failed

(waybar:4052509): Gtk-CRITICAL **: 10:01:56.298: gtk_box_reorder_child: assertion 'old_link != NULL' failed

(waybar:4052509): Gtk-CRITICAL **: 10:01:56.298: gtk_box_reorder_child: assertion 'old_link != NULL' failed

(waybar:4052509): Gtk-CRITICAL **: 10:01:56.298: gtk_box_reorder_child: assertion 'old_link != NULL' failed

(waybar:4052509): Gtk-CRITICAL **: 10:01:56.298: gtk_box_reorder_child: assertion 'old_link != NULL' failed

(waybar:4052509): Gtk-CRITICAL **: 10:01:56.298: gtk_box_reorder_child: assertion 'old_link != NULL' failed
[2023-09-11 10:01:56.546] [warning] Requested height: 16 is less than the minimum height: 40 required by the modules
[2023-09-11 10:01:56.546] [info] Bar configured (width: 1920, height: 40) for output: HDMI-A-1

(waybar:4052509): Gtk-CRITICAL **: 10:01:56.553: gtk_widget_set_accel_path: assertion 'GTK_IS_ACCEL_GROUP (accel_group)' failed

(waybar:4052509): Gtk-CRITICAL **: 10:01:56.553: gtk_widget_add_accelerator: assertion 'GTK_IS_ACCEL_GROUP (accel_group)' failed
[2023-09-11 10:01:58.684] [info] Bar removed from output: HDMI-A-1

(waybar:4052509): Gtk-CRITICAL **: 10:01:59.905: gtk_box_reorder_child: assertion 'old_link != NULL' failed

(waybar:4052509): Gtk-CRITICAL **: 10:01:59.905: gtk_box_reorder_child: assertion 'old_link != NULL' failed

(waybar:4052509): Gtk-CRITICAL **: 10:01:59.905: gtk_box_reorder_child: assertion 'old_link != NULL' failed

(waybar:4052509): Gtk-CRITICAL **: 10:01:59.905: gtk_box_reorder_child: assertion 'old_link != NULL' failed

(waybar:4052509): Gtk-CRITICAL **: 10:01:59.905: gtk_box_reorder_child: assertion 'old_link != NULL' failed

(waybar:4052509): Gtk-CRITICAL **: 10:01:59.905: gtk_box_reorder_child: assertion 'old_link != NULL' failed

(waybar:4052509): Gtk-CRITICAL **: 10:01:59.905: gtk_box_reorder_child: assertion 'old_link != NULL' failed

(waybar:4052509): Gtk-CRITICAL **: 10:01:59.905: gtk_box_reorder_child: assertion 'old_link != NULL' failed

(waybar:4052509): Gtk-CRITICAL **: 10:01:59.905: gtk_box_reorder_child: assertion 'old_link != NULL' failed

(waybar:4052509): Gtk-CRITICAL **: 10:01:59.905: gtk_box_reorder_child: assertion 'old_link != NULL' failed

(waybar:4052509): Gtk-CRITICAL **: 10:01:59.905: gtk_box_reorder_child: assertion 'old_link != NULL' failed

(waybar:4052509): Gtk-CRITICAL **: 10:01:59.905: gtk_box_reorder_child: assertion 'old_link != NULL' failed

(waybar:4052509): Gtk-CRITICAL **: 10:01:59.905: gtk_box_reorder_child: assertion 'old_link != NULL' failed

(waybar:4052509): Gtk-CRITICAL **: 10:01:59.905: gtk_box_reorder_child: assertion 'old_link != NULL' failed

(waybar:4052509): Gtk-CRITICAL **: 10:01:59.905: gtk_box_reorder_child: assertion 'old_link != NULL' failed

(waybar:4052509): Gtk-CRITICAL **: 10:01:59.905: gtk_box_reorder_child: assertion 'old_link != NULL' failed

(waybar:4052509): Gtk-CRITICAL **: 10:01:59.905: gtk_box_reorder_child: assertion 'old_link != NULL' failed

(waybar:4052509): Gtk-CRITICAL **: 10:01:59.905: gtk_box_reorder_child: assertion 'old_link != NULL' failed

(waybar:4052509): Gtk-CRITICAL **: 10:01:59.905: gtk_box_reorder_child: assertion 'old_link != NULL' failed

(waybar:4052509): Gtk-CRITICAL **: 10:01:59.905: gtk_box_reorder_child: assertion 'old_link != NULL' failed

(waybar:4052509): Gtk-CRITICAL **: 10:01:59.905: gtk_box_reorder_child: assertion 'old_link != NULL' failed

(waybar:4052509): Gtk-CRITICAL **: 10:01:59.905: gtk_box_reorder_child: assertion 'old_link != NULL' failed

(waybar:4052509): Gtk-CRITICAL **: 10:01:59.905: gtk_box_reorder_child: assertion 'old_link != NULL' failed

(waybar:4052509): Gtk-CRITICAL **: 10:01:59.905: gtk_box_reorder_child: assertion 'old_link != NULL' failed

(waybar:4052509): Gtk-CRITICAL **: 10:02:00.004: gtk_box_reorder_child: assertion 'old_link != NULL' failed

(waybar:4052509): Gtk-CRITICAL **: 10:02:00.004: gtk_box_reorder_child: assertion 'old_link != NULL' failed

(waybar:4052509): Gtk-CRITICAL **: 10:02:00.004: gtk_box_reorder_child: assertion 'old_link != NULL' failed

(waybar:4052509): Gtk-CRITICAL **: 10:02:00.004: gtk_box_reorder_child: assertion 'old_link != NULL' failed

(waybar:4052509): Gtk-CRITICAL **: 10:02:00.004: gtk_box_reorder_child: assertion 'old_link != NULL' failed

(waybar:4052509): Gtk-CRITICAL **: 10:02:00.004: gtk_box_reorder_child: assertion 'old_link != NULL' failed

(waybar:4052509): Gtk-CRITICAL **: 10:02:00.004: gtk_box_reorder_child: assertion 'old_link != NULL' failed

(waybar:4052509): Gtk-CRITICAL **: 10:02:00.004: gtk_box_reorder_child: assertion 'old_link != NULL' failed

(waybar:4052509): Gtk-CRITICAL **: 10:02:00.004: gtk_box_reorder_child: assertion 'old_link != NULL' failed

(waybar:4052509): Gtk-CRITICAL **: 10:02:00.004: gtk_box_reorder_child: assertion 'old_link != NULL' failed

(waybar:4052509): Gtk-CRITICAL **: 10:02:00.004: gtk_box_reorder_child: assertion 'old_link != NULL' failed

(waybar:4052509): Gtk-CRITICAL **: 10:02:00.004: gtk_box_reorder_child: assertion 'old_link != NULL' failed

(waybar:4052509): Gtk-CRITICAL **: 10:02:00.004: gtk_box_reorder_child: assertion 'old_link != NULL' failed

(waybar:4052509): Gtk-CRITICAL **: 10:02:00.004: gtk_box_reorder_child: assertion 'old_link != NULL' failed

(waybar:4052509): Gtk-CRITICAL **: 10:02:00.004: gtk_box_reorder_child: assertion 'old_link != NULL' failed

(waybar:4052509): Gtk-CRITICAL **: 10:02:00.004: gtk_box_reorder_child: assertion 'old_link != NULL' failed

(waybar:4052509): Gtk-CRITICAL **: 10:02:00.004: gtk_box_reorder_child: assertion 'old_link != NULL' failed

(waybar:4052509): Gtk-CRITICAL **: 10:02:00.004: gtk_box_reorder_child: assertion 'old_link != NULL' failed

(waybar:4052509): Gtk-CRITICAL **: 10:02:00.004: gtk_box_reorder_child: assertion 'old_link != NULL' failed

(waybar:4052509): Gtk-CRITICAL **: 10:02:00.004: gtk_box_reorder_child: assertion 'old_link != NULL' failed

(waybar:4052509): Gtk-CRITICAL **: 10:02:00.004: gtk_box_reorder_child: assertion 'old_link != NULL' failed
[2023-09-11 10:02:00.148] [warning] Requested height: 16 is less than the minimum height: 40 required by the modules
[2023-09-11 10:02:00.148] [info] Bar configured (width: 1920, height: 40) for output: HDMI-A-1

(waybar:4052509): Gtk-CRITICAL **: 10:02:00.187: gtk_widget_set_accel_path: assertion 'GTK_IS_ACCEL_GROUP (accel_group)' failed

(waybar:4052509): Gtk-CRITICAL **: 10:02:00.187: gtk_widget_add_accelerator: assertion 'GTK_IS_ACCEL_GROUP (accel_group)' failed

(waybar:4052509): Gtk-CRITICAL **: 10:05:23.519: gtk_widget_set_accel_path: assertion 'GTK_IS_ACCEL_GROUP (accel_group)' failed

(waybar:4052509): Gtk-CRITICAL **: 10:05:23.519: gtk_widget_add_accelerator: assertion 'GTK_IS_ACCEL_GROUP (accel_group)' failed

(waybar:4052509): Gtk-CRITICAL **: 10:05:23.520: gtk_widget_set_accel_path: assertion 'GTK_IS_ACCEL_GROUP (accel_group)' failed

(waybar:4052509): Gtk-CRITICAL **: 10:05:23.520: gtk_widget_add_accelerator: assertion 'GTK_IS_ACCEL_GROUP (accel_group)' failed

(waybar:4052509): Gtk-CRITICAL **: 10:05:23.521: gtk_widget_set_accel_path: assertion 'GTK_IS_ACCEL_GROUP (accel_group)' failed

(waybar:4052509): Gtk-CRITICAL **: 10:05:23.521: gtk_widget_add_accelerator: assertion 'GTK_IS_ACCEL_GROUP (accel_group)' failed

(waybar:4052509): Gtk-CRITICAL **: 10:05:23.522: gtk_widget_set_accel_path: assertion 'GTK_IS_ACCEL_GROUP (accel_group)' failed

(waybar:4052509): Gtk-CRITICAL **: 10:05:23.522: gtk_widget_add_accelerator: assertion 'GTK_IS_ACCEL_GROUP (accel_group)' failed

(waybar:4052509): Gtk-CRITICAL **: 10:05:30.626: gtk_widget_set_accel_path: assertion 'GTK_IS_ACCEL_GROUP (accel_group)' failed

(waybar:4052509): Gtk-CRITICAL **: 10:05:30.626: gtk_widget_add_accelerator: assertion 'GTK_IS_ACCEL_GROUP (accel_group)' failed

(waybar:4052509): Gtk-CRITICAL **: 10:05:30.627: gtk_widget_set_accel_path: assertion 'GTK_IS_ACCEL_GROUP (accel_group)' failed

(waybar:4052509): Gtk-CRITICAL **: 10:05:30.627: gtk_widget_add_accelerator: assertion 'GTK_IS_ACCEL_GROUP (accel_group)' failed

(waybar:4052509): Gtk-CRITICAL **: 10:05:30.628: gtk_widget_set_accel_path: assertion 'GTK_IS_ACCEL_GROUP (accel_group)' failed

(waybar:4052509): Gtk-CRITICAL **: 10:05:30.628: gtk_widget_add_accelerator: assertion 'GTK_IS_ACCEL_GROUP (accel_group)' failed

(waybar:4052509): Gtk-CRITICAL **: 10:05:30.630: gtk_widget_set_accel_path: assertion 'GTK_IS_ACCEL_GROUP (accel_group)' failed

(waybar:4052509): Gtk-CRITICAL **: 10:05:30.630: gtk_widget_add_accelerator: assertion 'GTK_IS_ACCEL_GROUP (accel_group)' failed

(waybar:4052509): Gtk-CRITICAL **: 10:06:55.106: gtk_widget_set_accel_path: assertion 'GTK_IS_ACCEL_GROUP (accel_group)' failed

(waybar:4052509): Gtk-CRITICAL **: 10:06:55.106: gtk_widget_add_accelerator: assertion 'GTK_IS_ACCEL_GROUP (accel_group)' failed

(waybar:4052509): Gtk-CRITICAL **: 10:06:55.107: gtk_widget_set_accel_path: assertion 'GTK_IS_ACCEL_GROUP (accel_group)' failed

(waybar:4052509): Gtk-CRITICAL **: 10:06:55.107: gtk_widget_add_accelerator: assertion 'GTK_IS_ACCEL_GROUP (accel_group)' failed

(waybar:4052509): Gtk-CRITICAL **: 10:06:55.107: gtk_widget_set_accel_path: assertion 'GTK_IS_ACCEL_GROUP (accel_group)' failed

(waybar:4052509): Gtk-CRITICAL **: 10:06:55.107: gtk_widget_add_accelerator: assertion 'GTK_IS_ACCEL_GROUP (accel_group)' failed

(waybar:4052509): Gtk-CRITICAL **: 10:06:55.108: gtk_widget_set_accel_path: assertion 'GTK_IS_ACCEL_GROUP (accel_group)' failed

(waybar:4052509): Gtk-CRITICAL **: 10:06:55.108: gtk_widget_add_accelerator: assertion 'GTK_IS_ACCEL_GROUP (accel_group)' failed

(waybar:4052509): Gtk-CRITICAL **: 13:22:05.685: gtk_widget_set_accel_path: assertion 'GTK_IS_ACCEL_GROUP (accel_group)' failed

(waybar:4052509): Gtk-CRITICAL **: 13:22:05.692: gtk_widget_add_accelerator: assertion 'GTK_IS_ACCEL_GROUP (accel_group)' failed

(waybar:4052509): Gtk-CRITICAL **: 13:22:05.693: gtk_widget_set_accel_path: assertion 'GTK_IS_ACCEL_GROUP (accel_group)' failed

(waybar:4052509): Gtk-CRITICAL **: 13:22:05.693: gtk_widget_add_accelerator: assertion 'GTK_IS_ACCEL_GROUP (accel_group)' failed

(waybar:4052509): Gtk-CRITICAL **: 13:22:05.694: gtk_widget_set_accel_path: assertion 'GTK_IS_ACCEL_GROUP (accel_group)' failed

(waybar:4052509): Gtk-CRITICAL **: 13:22:05.694: gtk_widget_add_accelerator: assertion 'GTK_IS_ACCEL_GROUP (accel_group)' failed

(waybar:4052509): Gtk-CRITICAL **: 13:22:05.695: gtk_widget_set_accel_path: assertion 'GTK_IS_ACCEL_GROUP (accel_group)' failed

(waybar:4052509): Gtk-CRITICAL **: 13:22:05.695: gtk_widget_add_accelerator: assertion 'GTK_IS_ACCEL_GROUP (accel_group)' failed

(waybar:4052509): Gtk-CRITICAL **: 14:05:32.820: gtk_widget_set_accel_path: assertion 'GTK_IS_ACCEL_GROUP (accel_group)' failed

(waybar:4052509): Gtk-CRITICAL **: 14:05:32.820: gtk_widget_add_accelerator: assertion 'GTK_IS_ACCEL_GROUP (accel_group)' failed

(waybar:4052509): Gtk-CRITICAL **: 14:05:32.821: gtk_widget_set_accel_path: assertion 'GTK_IS_ACCEL_GROUP (accel_group)' failed

(waybar:4052509): Gtk-CRITICAL **: 14:05:32.821: gtk_widget_add_accelerator: assertion 'GTK_IS_ACCEL_GROUP (accel_group)' failed

(waybar:4052509): Gtk-CRITICAL **: 14:05:32.822: gtk_widget_set_accel_path: assertion 'GTK_IS_ACCEL_GROUP (accel_group)' failed

(waybar:4052509): Gtk-CRITICAL **: 14:05:32.822: gtk_widget_add_accelerator: assertion 'GTK_IS_ACCEL_GROUP (accel_group)' failed

(waybar:4052509): Gtk-CRITICAL **: 14:05:32.822: gtk_widget_set_accel_path: assertion 'GTK_IS_ACCEL_GROUP (accel_group)' failed

(waybar:4052509): Gtk-CRITICAL **: 14:05:32.822: gtk_widget_add_accelerator: assertion 'GTK_IS_ACCEL_GROUP (accel_group)' failed
[2023-09-11 14:22:42.062] [info] Bar removed from output: HDMI-A-1

(waybar:4052509): Gtk-CRITICAL **: 17:09:08.931: gtk_widget_set_accel_path: assertion 'GTK_IS_ACCEL_GROUP (accel_group)' failed

(waybar:4052509): Gtk-CRITICAL **: 17:09:08.931: gtk_widget_add_accelerator: assertion 'GTK_IS_ACCEL_GROUP (accel_group)' failed

(waybar:4052509): Gtk-CRITICAL **: 17:09:08.932: gtk_widget_set_accel_path: assertion 'GTK_IS_ACCEL_GROUP (accel_group)' failed

(waybar:4052509): Gtk-CRITICAL **: 17:09:08.932: gtk_widget_add_accelerator: assertion 'GTK_IS_ACCEL_GROUP (accel_group)' failed

(waybar:4052509): Gtk-CRITICAL **: 17:09:08.933: gtk_widget_set_accel_path: assertion 'GTK_IS_ACCEL_GROUP (accel_group)' failed

(waybar:4052509): Gtk-CRITICAL **: 17:09:08.933: gtk_widget_add_accelerator: assertion 'GTK_IS_ACCEL_GROUP (accel_group)' failed

(waybar:4052509): Gtk-CRITICAL **: 17:09:08.934: gtk_widget_set_accel_path: assertion 'GTK_IS_ACCEL_GROUP (accel_group)' failed

(waybar:4052509): Gtk-CRITICAL **: 17:09:08.934: gtk_widget_add_accelerator: assertion 'GTK_IS_ACCEL_GROUP (accel_group)' failed

(waybar:4052509): Gtk-CRITICAL **: 17:34:06.954: gtk_widget_set_accel_path: assertion 'GTK_IS_ACCEL_GROUP (accel_group)' failed

(waybar:4052509): Gtk-CRITICAL **: 17:34:06.954: gtk_widget_add_accelerator: assertion 'GTK_IS_ACCEL_GROUP (accel_group)' failed

(waybar:4052509): Gtk-CRITICAL **: 17:34:06.955: gtk_widget_set_accel_path: assertion 'GTK_IS_ACCEL_GROUP (accel_group)' failed

(waybar:4052509): Gtk-CRITICAL **: 17:34:06.955: gtk_widget_add_accelerator: assertion 'GTK_IS_ACCEL_GROUP (accel_group)' failed

(waybar:4052509): Gtk-CRITICAL **: 17:34:06.956: gtk_widget_set_accel_path: assertion 'GTK_IS_ACCEL_GROUP (accel_group)' failed

(waybar:4052509): Gtk-CRITICAL **: 17:34:06.956: gtk_widget_add_accelerator: assertion 'GTK_IS_ACCEL_GROUP (accel_group)' failed

(waybar:4052509): Gtk-CRITICAL **: 17:34:06.957: gtk_widget_set_accel_path: assertion 'GTK_IS_ACCEL_GROUP (accel_group)' failed

(waybar:4052509): Gtk-CRITICAL **: 17:34:06.957: gtk_widget_add_accelerator: assertion 'GTK_IS_ACCEL_GROUP (accel_group)' failed

(waybar:4052509): Gtk-CRITICAL **: 17:36:44.294: gtk_widget_set_accel_path: assertion 'GTK_IS_ACCEL_GROUP (accel_group)' failed

(waybar:4052509): Gtk-CRITICAL **: 17:36:44.294: gtk_widget_add_accelerator: assertion 'GTK_IS_ACCEL_GROUP (accel_group)' failed

(waybar:4052509): Gtk-CRITICAL **: 17:36:44.296: gtk_widget_set_accel_path: assertion 'GTK_IS_ACCEL_GROUP (accel_group)' failed

(waybar:4052509): Gtk-CRITICAL **: 17:36:44.296: gtk_widget_add_accelerator: assertion 'GTK_IS_ACCEL_GROUP (accel_group)' failed

(waybar:4052509): Gtk-CRITICAL **: 17:36:44.297: gtk_widget_set_accel_path: assertion 'GTK_IS_ACCEL_GROUP (accel_group)' failed

(waybar:4052509): Gtk-CRITICAL **: 17:36:44.297: gtk_widget_add_accelerator: assertion 'GTK_IS_ACCEL_GROUP (accel_group)' failed

(waybar:4052509): Gtk-CRITICAL **: 17:36:44.298: gtk_widget_set_accel_path: assertion 'GTK_IS_ACCEL_GROUP (accel_group)' failed

(waybar:4052509): Gtk-CRITICAL **: 17:36:44.298: gtk_widget_add_accelerator: assertion 'GTK_IS_ACCEL_GROUP (accel_group)' failed

(waybar:4052509): Gtk-CRITICAL **: 18:16:35.826: gtk_widget_set_accel_path: assertion 'GTK_IS_ACCEL_GROUP (accel_group)' failed

(waybar:4052509): Gtk-CRITICAL **: 18:16:35.826: gtk_widget_add_accelerator: assertion 'GTK_IS_ACCEL_GROUP (accel_group)' failed

(waybar:4052509): Gtk-CRITICAL **: 18:16:35.827: gtk_widget_set_accel_path: assertion 'GTK_IS_ACCEL_GROUP (accel_group)' failed

(waybar:4052509): Gtk-CRITICAL **: 18:16:35.827: gtk_widget_add_accelerator: assertion 'GTK_IS_ACCEL_GROUP (accel_group)' failed

(waybar:4052509): Gtk-CRITICAL **: 18:16:35.827: gtk_widget_set_accel_path: assertion 'GTK_IS_ACCEL_GROUP (accel_group)' failed

(waybar:4052509): Gtk-CRITICAL **: 18:16:35.827: gtk_widget_add_accelerator: assertion 'GTK_IS_ACCEL_GROUP (accel_group)' failed

(waybar:4052509): Gtk-CRITICAL **: 18:16:35.828: gtk_widget_set_accel_path: assertion 'GTK_IS_ACCEL_GROUP (accel_group)' failed

(waybar:4052509): Gtk-CRITICAL **: 18:16:35.828: gtk_widget_add_accelerator: assertion 'GTK_IS_ACCEL_GROUP (accel_group)' failed

(waybar:4052509): Gtk-CRITICAL **: 18:18:01.550: gtk_widget_set_accel_path: assertion 'GTK_IS_ACCEL_GROUP (accel_group)' failed

(waybar:4052509): Gtk-CRITICAL **: 18:18:01.550: gtk_widget_add_accelerator: assertion 'GTK_IS_ACCEL_GROUP (accel_group)' failed

(waybar:4052509): Gtk-CRITICAL **: 18:18:01.551: gtk_widget_set_accel_path: assertion 'GTK_IS_ACCEL_GROUP (accel_group)' failed

(waybar:4052509): Gtk-CRITICAL **: 18:18:01.551: gtk_widget_add_accelerator: assertion 'GTK_IS_ACCEL_GROUP (accel_group)' failed

(waybar:4052509): Gtk-CRITICAL **: 18:18:01.552: gtk_widget_set_accel_path: assertion 'GTK_IS_ACCEL_GROUP (accel_group)' failed

(waybar:4052509): Gtk-CRITICAL **: 18:18:01.552: gtk_widget_add_accelerator: assertion 'GTK_IS_ACCEL_GROUP (accel_group)' failed

(waybar:4052509): Gtk-CRITICAL **: 18:18:01.553: gtk_widget_set_accel_path: assertion 'GTK_IS_ACCEL_GROUP (accel_group)' failed

(waybar:4052509): Gtk-CRITICAL **: 18:18:01.553: gtk_widget_add_accelerator: assertion 'GTK_IS_ACCEL_GROUP (accel_group)' failed

(waybar:4052509): Gtk-CRITICAL **: 18:34:06.488: gtk_box_reorder_child: assertion 'old_link != NULL' failed

(waybar:4052509): Gtk-CRITICAL **: 18:34:06.488: gtk_box_reorder_child: assertion 'old_link != NULL' failed

(waybar:4052509): Gtk-CRITICAL **: 18:34:06.488: gtk_box_reorder_child: assertion 'old_link != NULL' failed

(waybar:4052509): Gtk-CRITICAL **: 18:34:06.488: gtk_box_reorder_child: assertion 'old_link != NULL' failed

(waybar:4052509): Gtk-CRITICAL **: 18:34:06.488: gtk_box_reorder_child: assertion 'old_link != NULL' failed

(waybar:4052509): Gtk-CRITICAL **: 18:34:06.488: gtk_box_reorder_child: assertion 'old_link != NULL' failed

(waybar:4052509): Gtk-CRITICAL **: 18:34:06.488: gtk_box_reorder_child: assertion 'old_link != NULL' failed

(waybar:4052509): Gtk-CRITICAL **: 18:34:06.488: gtk_box_reorder_child: assertion 'old_link != NULL' failed

(waybar:4052509): Gtk-CRITICAL **: 18:34:06.488: gtk_box_reorder_child: assertion 'old_link != NULL' failed

(waybar:4052509): Gtk-CRITICAL **: 18:34:06.488: gtk_box_reorder_child: assertion 'old_link != NULL' failed

(waybar:4052509): Gtk-CRITICAL **: 18:34:06.488: gtk_box_reorder_child: assertion 'old_link != NULL' failed

(waybar:4052509): Gtk-CRITICAL **: 18:34:06.488: gtk_box_reorder_child: assertion 'old_link != NULL' failed

(waybar:4052509): Gtk-CRITICAL **: 18:34:06.488: gtk_box_reorder_child: assertion 'old_link != NULL' failed

(waybar:4052509): Gtk-CRITICAL **: 18:34:06.488: gtk_box_reorder_child: assertion 'old_link != NULL' failed

(waybar:4052509): Gtk-CRITICAL **: 18:34:06.488: gtk_box_reorder_child: assertion 'old_link != NULL' failed

(waybar:4052509): Gtk-CRITICAL **: 18:34:06.488: gtk_box_reorder_child: assertion 'old_link != NULL' failed

(waybar:4052509): Gtk-CRITICAL **: 18:34:06.488: gtk_box_reorder_child: assertion 'old_link != NULL' failed

(waybar:4052509): Gtk-CRITICAL **: 18:34:06.488: gtk_box_reorder_child: assertion 'old_link != NULL' failed

(waybar:4052509): Gtk-CRITICAL **: 18:34:06.488: gtk_box_reorder_child: assertion 'old_link != NULL' failed

(waybar:4052509): Gtk-CRITICAL **: 18:34:06.488: gtk_box_reorder_child: assertion 'old_link != NULL' failed

(waybar:4052509): Gtk-CRITICAL **: 18:34:06.488: gtk_box_reorder_child: assertion 'old_link != NULL' failed

(waybar:4052509): Gtk-CRITICAL **: 18:34:06.488: gtk_box_reorder_child: assertion 'old_link != NULL' failed

(waybar:4052509): Gtk-CRITICAL **: 18:34:06.488: gtk_box_reorder_child: assertion 'old_link != NULL' failed

(waybar:4052509): Gtk-CRITICAL **: 18:34:06.488: gtk_box_reorder_child: assertion 'old_link != NULL' failed

(waybar:4052509): Gtk-CRITICAL **: 18:34:06.488: gtk_box_reorder_child: assertion 'old_link != NULL' failed

(waybar:4052509): Gtk-CRITICAL **: 18:34:06.488: gtk_box_reorder_child: assertion 'old_link != NULL' failed

(waybar:4052509): Gtk-CRITICAL **: 18:34:06.488: gtk_box_reorder_child: assertion 'old_link != NULL' failed

(waybar:4052509): Gtk-CRITICAL **: 18:34:06.488: gtk_box_reorder_child: assertion 'old_link != NULL' failed

(waybar:4052509): Gtk-CRITICAL **: 18:34:06.488: gtk_box_reorder_child: assertion 'old_link != NULL' failed

(waybar:4052509): Gtk-CRITICAL **: 18:34:06.488: gtk_box_reorder_child: assertion 'old_link != NULL' failed

(waybar:4052509): Gtk-CRITICAL **: 18:34:06.488: gtk_box_reorder_child: assertion 'old_link != NULL' failed

(waybar:4052509): Gtk-CRITICAL **: 18:34:06.488: gtk_box_reorder_child: assertion 'old_link != NULL' failed

(waybar:4052509): Gtk-CRITICAL **: 18:34:06.488: gtk_box_reorder_child: assertion 'old_link != NULL' failed

(waybar:4052509): Gtk-CRITICAL **: 18:34:06.488: gtk_box_reorder_child: assertion 'old_link != NULL' failed

(waybar:4052509): Gtk-CRITICAL **: 18:34:06.488: gtk_box_reorder_child: assertion 'old_link != NULL' failed

(waybar:4052509): Gtk-CRITICAL **: 18:34:06.488: gtk_box_reorder_child: assertion 'old_link != NULL' failed

(waybar:4052509): Gtk-CRITICAL **: 18:34:06.488: gtk_box_reorder_child: assertion 'old_link != NULL' failed

(waybar:4052509): Gtk-CRITICAL **: 18:34:06.488: gtk_box_reorder_child: assertion 'old_link != NULL' failed

(waybar:4052509): Gtk-CRITICAL **: 18:34:06.488: gtk_box_reorder_child: assertion 'old_link != NULL' failed

(waybar:4052509): Gtk-CRITICAL **: 18:34:06.488: gtk_box_reorder_child: assertion 'old_link != NULL' failed

(waybar:4052509): Gtk-CRITICAL **: 18:34:06.488: gtk_box_reorder_child: assertion 'old_link != NULL' failed

(waybar:4052509): Gtk-CRITICAL **: 18:34:06.488: gtk_box_reorder_child: assertion 'old_link != NULL' failed

(waybar:4052509): Gtk-CRITICAL **: 18:34:06.488: gtk_box_reorder_child: assertion 'old_link != NULL' failed

(waybar:4052509): Gtk-CRITICAL **: 18:34:06.488: gtk_box_reorder_child: assertion 'old_link != NULL' failed

(waybar:4052509): Gtk-CRITICAL **: 18:34:06.488: gtk_box_reorder_child: assertion 'old_link != NULL' failed

(waybar:4052509): Gtk-CRITICAL **: 18:34:06.488: gtk_box_reorder_child: assertion 'old_link != NULL' failed

(waybar:4052509): Gtk-CRITICAL **: 18:34:06.488: gtk_box_reorder_child: assertion 'old_link != NULL' failed

(waybar:4052509): Gtk-CRITICAL **: 18:34:06.488: gtk_box_reorder_child: assertion 'old_link != NULL' failed

(waybar:4052509): Gtk-CRITICAL **: 18:34:06.488: gtk_box_reorder_child: assertion 'old_link != NULL' failed

(waybar:4052509): Gtk-CRITICAL **: 18:34:06.488: gtk_box_reorder_child: assertion 'old_link != NULL' failed

(waybar:4052509): Gtk-CRITICAL **: 18:34:06.488: gtk_box_reorder_child: assertion 'old_link != NULL' failed

(waybar:4052509): Gtk-CRITICAL **: 18:34:06.488: gtk_box_reorder_child: assertion 'old_link != NULL' failed

(waybar:4052509): Gtk-CRITICAL **: 18:34:06.560: gtk_box_reorder_child: assertion 'old_link != NULL' failed

(waybar:4052509): Gtk-CRITICAL **: 18:34:06.560: gtk_box_reorder_child: assertion 'old_link != NULL' failed

(waybar:4052509): Gtk-CRITICAL **: 18:34:06.560: gtk_box_reorder_child: assertion 'old_link != NULL' failed

(waybar:4052509): Gtk-CRITICAL **: 18:34:06.560: gtk_box_reorder_child: assertion 'old_link != NULL' failed

(waybar:4052509): Gtk-CRITICAL **: 18:34:06.560: gtk_box_reorder_child: assertion 'old_link != NULL' failed

(waybar:4052509): Gtk-CRITICAL **: 18:34:06.560: gtk_box_reorder_child: assertion 'old_link != NULL' failed

(waybar:4052509): Gtk-CRITICAL **: 18:34:06.560: gtk_box_reorder_child: assertion 'old_link != NULL' failed

(waybar:4052509): Gtk-CRITICAL **: 18:34:06.560: gtk_box_reorder_child: assertion 'old_link != NULL' failed

(waybar:4052509): Gtk-CRITICAL **: 18:34:06.560: gtk_box_reorder_child: assertion 'old_link != NULL' failed

(waybar:4052509): Gtk-CRITICAL **: 18:34:06.560: gtk_box_reorder_child: assertion 'old_link != NULL' failed

(waybar:4052509): Gtk-CRITICAL **: 18:34:06.560: gtk_box_reorder_child: assertion 'old_link != NULL' failed

(waybar:4052509): Gtk-CRITICAL **: 18:34:06.560: gtk_box_reorder_child: assertion 'old_link != NULL' failed

(waybar:4052509): Gtk-CRITICAL **: 18:34:06.560: gtk_box_reorder_child: assertion 'old_link != NULL' failed

(waybar:4052509): Gtk-CRITICAL **: 18:34:06.560: gtk_box_reorder_child: assertion 'old_link != NULL' failed

(waybar:4052509): Gtk-CRITICAL **: 18:34:06.560: gtk_box_reorder_child: assertion 'old_link != NULL' failed

(waybar:4052509): Gtk-CRITICAL **: 18:34:06.560: gtk_box_reorder_child: assertion 'old_link != NULL' failed

(waybar:4052509): Gtk-CRITICAL **: 18:34:06.560: gtk_box_reorder_child: assertion 'old_link != NULL' failed

(waybar:4052509): Gtk-CRITICAL **: 18:34:06.560: gtk_box_reorder_child: assertion 'old_link != NULL' failed

(waybar:4052509): Gtk-CRITICAL **: 18:34:06.560: gtk_box_reorder_child: assertion 'old_link != NULL' failed

(waybar:4052509): Gtk-CRITICAL **: 18:34:06.560: gtk_box_reorder_child: assertion 'old_link != NULL' failed

(waybar:4052509): Gtk-CRITICAL **: 18:34:06.560: gtk_box_reorder_child: assertion 'old_link != NULL' failed

(waybar:4052509): Gtk-CRITICAL **: 18:34:06.560: gtk_box_reorder_child: assertion 'old_link != NULL' failed

(waybar:4052509): Gtk-CRITICAL **: 18:34:06.560: gtk_box_reorder_child: assertion 'old_link != NULL' failed

(waybar:4052509): Gtk-CRITICAL **: 18:34:06.560: gtk_box_reorder_child: assertion 'old_link != NULL' failed
[2023-09-11 18:34:06.774] [warning] Requested height: 16 is less than the minimum height: 40 required by the modules
[2023-09-11 18:34:06.774] [info] Bar configured (width: 1920, height: 40) for output: HDMI-A-1
[2023-09-11 18:34:06.774] [error] Item '': No icon name or pixmap given.
[2023-09-11 18:34:06.796] [error] Item '': No icon name or pixmap given.

(waybar:4052509): Gtk-CRITICAL **: 18:34:06.827: gtk_widget_set_accel_path: assertion 'GTK_IS_ACCEL_GROUP (accel_group)' failed

(waybar:4052509): Gtk-CRITICAL **: 18:34:06.827: gtk_widget_add_accelerator: assertion 'GTK_IS_ACCEL_GROUP (accel_group)' failed
[2023-09-11 18:34:08.986] [info] Bar removed from output: HDMI-A-1

(waybar:4052509): Gtk-CRITICAL **: 18:34:10.246: gtk_box_reorder_child: assertion 'old_link != NULL' failed

(waybar:4052509): Gtk-CRITICAL **: 18:34:10.247: gtk_box_reorder_child: assertion 'old_link != NULL' failed

(waybar:4052509): Gtk-CRITICAL **: 18:34:10.247: gtk_box_reorder_child: assertion 'old_link != NULL' failed

(waybar:4052509): Gtk-CRITICAL **: 18:34:10.247: gtk_box_reorder_child: assertion 'old_link != NULL' failed

(waybar:4052509): Gtk-CRITICAL **: 18:34:10.247: gtk_box_reorder_child: assertion 'old_link != NULL' failed

(waybar:4052509): Gtk-CRITICAL **: 18:34:10.247: gtk_box_reorder_child: assertion 'old_link != NULL' failed

(waybar:4052509): Gtk-CRITICAL **: 18:34:10.247: gtk_box_reorder_child: assertion 'old_link != NULL' failed

(waybar:4052509): Gtk-CRITICAL **: 18:34:10.247: gtk_box_reorder_child: assertion 'old_link != NULL' failed

(waybar:4052509): Gtk-CRITICAL **: 18:34:10.247: gtk_box_reorder_child: assertion 'old_link != NULL' failed

(waybar:4052509): Gtk-CRITICAL **: 18:34:10.247: gtk_box_reorder_child: assertion 'old_link != NULL' failed

(waybar:4052509): Gtk-CRITICAL **: 18:34:10.247: gtk_box_reorder_child: assertion 'old_link != NULL' failed

(waybar:4052509): Gtk-CRITICAL **: 18:34:10.247: gtk_box_reorder_child: assertion 'old_link != NULL' failed

(waybar:4052509): Gtk-CRITICAL **: 18:34:10.247: gtk_box_reorder_child: assertion 'old_link != NULL' failed

(waybar:4052509): Gtk-CRITICAL **: 18:34:10.247: gtk_box_reorder_child: assertion 'old_link != NULL' failed

(waybar:4052509): Gtk-CRITICAL **: 18:34:10.247: gtk_box_reorder_child: assertion 'old_link != NULL' failed

(waybar:4052509): Gtk-CRITICAL **: 18:34:10.247: gtk_box_reorder_child: assertion 'old_link != NULL' failed

(waybar:4052509): Gtk-CRITICAL **: 18:34:10.247: gtk_box_reorder_child: assertion 'old_link != NULL' failed

(waybar:4052509): Gtk-CRITICAL **: 18:34:10.247: gtk_box_reorder_child: assertion 'old_link != NULL' failed

(waybar:4052509): Gtk-CRITICAL **: 18:34:10.247: gtk_box_reorder_child: assertion 'old_link != NULL' failed

(waybar:4052509): Gtk-CRITICAL **: 18:34:10.247: gtk_box_reorder_child: assertion 'old_link != NULL' failed

(waybar:4052509): Gtk-CRITICAL **: 18:34:10.247: gtk_box_reorder_child: assertion 'old_link != NULL' failed

(waybar:4052509): Gtk-CRITICAL **: 18:34:10.247: gtk_box_reorder_child: assertion 'old_link != NULL' failed

(waybar:4052509): Gtk-CRITICAL **: 18:34:10.247: gtk_box_reorder_child: assertion 'old_link != NULL' failed

(waybar:4052509): Gtk-CRITICAL **: 18:34:10.247: gtk_box_reorder_child: assertion 'old_link != NULL' failed

(waybar:4052509): Gtk-CRITICAL **: 18:34:10.247: gtk_box_reorder_child: assertion 'old_link != NULL' failed

(waybar:4052509): Gtk-CRITICAL **: 18:34:10.247: gtk_box_reorder_child: assertion 'old_link != NULL' failed

(waybar:4052509): Gtk-CRITICAL **: 18:34:10.247: gtk_box_reorder_child: assertion 'old_link != NULL' failed

(waybar:4052509): Gtk-CRITICAL **: 18:34:10.247: gtk_box_reorder_child: assertion 'old_link != NULL' failed

(waybar:4052509): Gtk-CRITICAL **: 18:34:10.247: gtk_box_reorder_child: assertion 'old_link != NULL' failed

(waybar:4052509): Gtk-CRITICAL **: 18:34:10.247: gtk_box_reorder_child: assertion 'old_link != NULL' failed

(waybar:4052509): Gtk-CRITICAL **: 18:34:10.247: gtk_box_reorder_child: assertion 'old_link != NULL' failed

(waybar:4052509): Gtk-CRITICAL **: 18:34:10.247: gtk_box_reorder_child: assertion 'old_link != NULL' failed

(waybar:4052509): Gtk-CRITICAL **: 18:34:10.247: gtk_box_reorder_child: assertion 'old_link != NULL' failed

(waybar:4052509): Gtk-CRITICAL **: 18:34:10.247: gtk_box_reorder_child: assertion 'old_link != NULL' failed

(waybar:4052509): Gtk-CRITICAL **: 18:34:10.247: gtk_box_reorder_child: assertion 'old_link != NULL' failed

(waybar:4052509): Gtk-CRITICAL **: 18:34:10.305: gtk_box_reorder_child: assertion 'old_link != NULL' failed

(waybar:4052509): Gtk-CRITICAL **: 18:34:10.305: gtk_box_reorder_child: assertion 'old_link != NULL' failed

(waybar:4052509): Gtk-CRITICAL **: 18:34:10.305: gtk_box_reorder_child: assertion 'old_link != NULL' failed

(waybar:4052509): Gtk-CRITICAL **: 18:34:10.305: gtk_box_reorder_child: assertion 'old_link != NULL' failed

(waybar:4052509): Gtk-CRITICAL **: 18:34:10.305: gtk_box_reorder_child: assertion 'old_link != NULL' failed

(waybar:4052509): Gtk-CRITICAL **: 18:34:10.305: gtk_box_reorder_child: assertion 'old_link != NULL' failed

(waybar:4052509): Gtk-CRITICAL **: 18:34:10.305: gtk_box_reorder_child: assertion 'old_link != NULL' failed

(waybar:4052509): Gtk-CRITICAL **: 18:34:10.305: gtk_box_reorder_child: assertion 'old_link != NULL' failed

(waybar:4052509): Gtk-CRITICAL **: 18:34:10.305: gtk_box_reorder_child: assertion 'old_link != NULL' failed

(waybar:4052509): Gtk-CRITICAL **: 18:34:10.305: gtk_box_reorder_child: assertion 'old_link != NULL' failed

(waybar:4052509): Gtk-CRITICAL **: 18:34:10.305: gtk_box_reorder_child: assertion 'old_link != NULL' failed

(waybar:4052509): Gtk-CRITICAL **: 18:34:10.305: gtk_box_reorder_child: assertion 'old_link != NULL' failed

(waybar:4052509): Gtk-CRITICAL **: 18:34:10.305: gtk_box_reorder_child: assertion 'old_link != NULL' failed

(waybar:4052509): Gtk-CRITICAL **: 18:34:10.305: gtk_box_reorder_child: assertion 'old_link != NULL' failed

(waybar:4052509): Gtk-CRITICAL **: 18:34:10.305: gtk_box_reorder_child: assertion 'old_link != NULL' failed

(waybar:4052509): Gtk-CRITICAL **: 18:34:10.305: gtk_box_reorder_child: assertion 'old_link != NULL' failed

(waybar:4052509): Gtk-CRITICAL **: 18:34:10.305: gtk_box_reorder_child: assertion 'old_link != NULL' failed

(waybar:4052509): Gtk-CRITICAL **: 18:34:10.305: gtk_box_reorder_child: assertion 'old_link != NULL' failed

(waybar:4052509): Gtk-CRITICAL **: 18:34:10.305: gtk_box_reorder_child: assertion 'old_link != NULL' failed

(waybar:4052509): Gtk-CRITICAL **: 18:34:10.305: gtk_box_reorder_child: assertion 'old_link != NULL' failed

(waybar:4052509): Gtk-CRITICAL **: 18:34:10.305: gtk_box_reorder_child: assertion 'old_link != NULL' failed

(waybar:4052509): Gtk-CRITICAL **: 18:34:10.305: gtk_box_reorder_child: assertion 'old_link != NULL' failed

(waybar:4052509): Gtk-CRITICAL **: 18:34:10.305: gtk_box_reorder_child: assertion 'old_link != NULL' failed

(waybar:4052509): Gtk-CRITICAL **: 18:34:10.305: gtk_box_reorder_child: assertion 'old_link != NULL' failed

(waybar:4052509): Gtk-CRITICAL **: 18:34:10.305: gtk_box_reorder_child: assertion 'old_link != NULL' failed

(waybar:4052509): Gtk-CRITICAL **: 18:34:10.305: gtk_box_reorder_child: assertion 'old_link != NULL' failed

(waybar:4052509): Gtk-CRITICAL **: 18:34:10.305: gtk_box_reorder_child: assertion 'old_link != NULL' failed

(waybar:4052509): Gtk-CRITICAL **: 18:34:10.305: gtk_box_reorder_child: assertion 'old_link != NULL' failed

(waybar:4052509): Gtk-CRITICAL **: 18:34:10.305: gtk_box_reorder_child: assertion 'old_link != NULL' failed

(waybar:4052509): Gtk-CRITICAL **: 18:34:10.305: gtk_box_reorder_child: assertion 'old_link != NULL' failed
[2023-09-11 18:34:10.434] [warning] Requested height: 16 is less than the minimum height: 40 required by the modules
[2023-09-11 18:34:10.434] [info] Bar configured (width: 1920, height: 40) for output: HDMI-A-1

(waybar:4052509): Gtk-CRITICAL **: 18:34:10.441: gtk_widget_set_accel_path: assertion 'GTK_IS_ACCEL_GROUP (accel_group)' failed

(waybar:4052509): Gtk-CRITICAL **: 18:34:10.441: gtk_widget_add_accelerator: assertion 'GTK_IS_ACCEL_GROUP (accel_group)' failed
[2023-11-19 12:41:12.561] [info] Using configuration file /home/sharon/.config/waybar/config.jsonc
[2023-11-19 12:41:12.562] [info] Unable to receive desktop appearance: GDBus.Error:org.freedesktop.DBus.Error.UnknownMethod: No such interface “org.freedesktop.portal.Settings” on object at path /org/freedesktop/portal/desktop
[2023-11-19 12:41:12.562] [info] Using CSS file /home/sharon/.config/waybar/style.css
[2023-11-19 12:41:12.739] [warning] Requested height: 16 is less than the minimum height: 40 required by the modules
[2023-11-19 12:41:12.739] [info] Bar configured (width: 1920, height: 40) for output: eDP-1
[2023-11-19 18:58:23.283] [warning] Requested height: 16 is less than the minimum height: 40 required by the modules
[2023-11-19 18:58:23.283] [info] Bar configured (width: 1920, height: 40) for output: HDMI-A-1
[2023-11-19 18:58:25.606] [info] Bar removed from output: HDMI-A-1
[2023-11-19 18:58:27.042] [warning] Requested height: 16 is less than the minimum height: 40 required by the modules
[2023-11-19 18:58:27.042] [info] Bar configured (width: 1920, height: 40) for output: HDMI-A-1

(waybar:13948): Gtk-CRITICAL **: 00:13:37.982: gtk_widget_set_accel_path: assertion 'GTK_IS_ACCEL_GROUP (accel_group)' failed

(waybar:13948): Gtk-CRITICAL **: 00:13:37.982: gtk_widget_add_accelerator: assertion 'GTK_IS_ACCEL_GROUP (accel_group)' failed

(waybar:13948): Gtk-CRITICAL **: 00:13:37.983: gtk_widget_set_accel_path: assertion 'GTK_IS_ACCEL_GROUP (accel_group)' failed

(waybar:13948): Gtk-CRITICAL **: 00:13:37.983: gtk_widget_add_accelerator: assertion 'GTK_IS_ACCEL_GROUP (accel_group)' failed

(waybar:13948): Gtk-CRITICAL **: 00:13:42.604: gtk_widget_set_accel_path: assertion 'GTK_IS_ACCEL_GROUP (accel_group)' failed

(waybar:13948): Gtk-CRITICAL **: 00:13:42.604: gtk_widget_add_accelerator: assertion 'GTK_IS_ACCEL_GROUP (accel_group)' failed

(waybar:13948): Gtk-CRITICAL **: 00:13:42.605: gtk_widget_set_accel_path: assertion 'GTK_IS_ACCEL_GROUP (accel_group)' failed

(waybar:13948): Gtk-CRITICAL **: 00:13:42.605: gtk_widget_add_accelerator: assertion 'GTK_IS_ACCEL_GROUP (accel_group)' failed

(waybar:13948): Gtk-CRITICAL **: 00:13:43.672: gtk_widget_set_accel_path: assertion 'GTK_IS_ACCEL_GROUP (accel_group)' failed

(waybar:13948): Gtk-CRITICAL **: 00:13:43.672: gtk_widget_add_accelerator: assertion 'GTK_IS_ACCEL_GROUP (accel_group)' failed

(waybar:13948): Gtk-CRITICAL **: 00:13:43.673: gtk_widget_set_accel_path: assertion 'GTK_IS_ACCEL_GROUP (accel_group)' failed

(waybar:13948): Gtk-CRITICAL **: 00:13:43.673: gtk_widget_add_accelerator: assertion 'GTK_IS_ACCEL_GROUP (accel_group)' failed

(waybar:13948): Gtk-CRITICAL **: 01:27:19.393: gtk_widget_set_accel_path: assertion 'GTK_IS_ACCEL_GROUP (accel_group)' failed

(waybar:13948): Gtk-CRITICAL **: 01:27:19.393: gtk_widget_add_accelerator: assertion 'GTK_IS_ACCEL_GROUP (accel_group)' failed

(waybar:13948): Gtk-CRITICAL **: 01:27:19.394: gtk_widget_set_accel_path: assertion 'GTK_IS_ACCEL_GROUP (accel_group)' failed

(waybar:13948): Gtk-CRITICAL **: 01:27:19.394: gtk_widget_add_accelerator: assertion 'GTK_IS_ACCEL_GROUP (accel_group)' failed

(waybar:13948): Gtk-CRITICAL **: 01:28:20.100: gtk_widget_set_accel_path: assertion 'GTK_IS_ACCEL_GROUP (accel_group)' failed

(waybar:13948): Gtk-CRITICAL **: 01:28:20.100: gtk_widget_add_accelerator: assertion 'GTK_IS_ACCEL_GROUP (accel_group)' failed

(waybar:13948): Gtk-CRITICAL **: 01:28:20.101: gtk_widget_set_accel_path: assertion 'GTK_IS_ACCEL_GROUP (accel_group)' failed

(waybar:13948): Gtk-CRITICAL **: 01:28:20.101: gtk_widget_add_accelerator: assertion 'GTK_IS_ACCEL_GROUP (accel_group)' failed

(waybar:13948): Gtk-CRITICAL **: 01:48:14.849: gtk_widget_set_accel_path: assertion 'GTK_IS_ACCEL_GROUP (accel_group)' failed

(waybar:13948): Gtk-CRITICAL **: 01:48:14.849: gtk_widget_add_accelerator: assertion 'GTK_IS_ACCEL_GROUP (accel_group)' failed

(waybar:13948): Gtk-CRITICAL **: 01:48:14.850: gtk_widget_set_accel_path: assertion 'GTK_IS_ACCEL_GROUP (accel_group)' failed

(waybar:13948): Gtk-CRITICAL **: 01:48:14.850: gtk_widget_add_accelerator: assertion 'GTK_IS_ACCEL_GROUP (accel_group)' failed
[2023-11-20 01:51:35.579] [info] Bar removed from output: HDMI-A-1
[2023-11-20 12:27:17.752] [warning] Requested height: 16 is less than the minimum height: 40 required by the modules
[2023-11-20 12:27:17.752] [info] Bar configured (width: 1920, height: 40) for output: HDMI-A-1

(waybar:13948): Gtk-CRITICAL **: 12:27:17.758: gtk_widget_set_accel_path: assertion 'GTK_IS_ACCEL_GROUP (accel_group)' failed

(waybar:13948): Gtk-CRITICAL **: 12:27:17.758: gtk_widget_add_accelerator: assertion 'GTK_IS_ACCEL_GROUP (accel_group)' failed
[2023-11-20 12:58:48.811] [error] Invalid Status Notifier Item: :1.109, /StatusNotifierItem
[2023-11-20 12:58:48.812] [error] Invalid Status Notifier Item: :1.109, /StatusNotifierItem
[2023-11-20 13:37:30.603] [error] Invalid Status Notifier Item: :1.119, /StatusNotifierItem
[2023-11-20 13:37:30.604] [error] Invalid Status Notifier Item: :1.119, /StatusNotifierItem

(waybar:13948): Gtk-CRITICAL **: 16:23:39.267: gtk_widget_set_accel_path: assertion 'GTK_IS_ACCEL_GROUP (accel_group)' failed

(waybar:13948): Gtk-CRITICAL **: 16:23:39.267: gtk_widget_add_accelerator: assertion 'GTK_IS_ACCEL_GROUP (accel_group)' failed

(waybar:13948): Gtk-CRITICAL **: 16:23:39.268: gtk_widget_set_accel_path: assertion 'GTK_IS_ACCEL_GROUP (accel_group)' failed

(waybar:13948): Gtk-CRITICAL **: 16:23:39.268: gtk_widget_add_accelerator: assertion 'GTK_IS_ACCEL_GROUP (accel_group)' failed

(waybar:13948): Gtk-CRITICAL **: 16:23:39.268: gtk_widget_set_accel_path: assertion 'GTK_IS_ACCEL_GROUP (accel_group)' failed

(waybar:13948): Gtk-CRITICAL **: 16:23:39.268: gtk_widget_add_accelerator: assertion 'GTK_IS_ACCEL_GROUP (accel_group)' failed

(waybar:13948): Gtk-CRITICAL **: 16:32:44.239: gtk_widget_set_accel_path: assertion 'GTK_IS_ACCEL_GROUP (accel_group)' failed

(waybar:13948): Gtk-CRITICAL **: 16:32:44.239: gtk_widget_add_accelerator: assertion 'GTK_IS_ACCEL_GROUP (accel_group)' failed

(waybar:13948): Gtk-CRITICAL **: 16:32:44.240: gtk_widget_set_accel_path: assertion 'GTK_IS_ACCEL_GROUP (accel_group)' failed

(waybar:13948): Gtk-CRITICAL **: 16:32:44.240: gtk_widget_add_accelerator: assertion 'GTK_IS_ACCEL_GROUP (accel_group)' failed

(waybar:13948): Gtk-CRITICAL **: 16:32:44.241: gtk_widget_set_accel_path: assertion 'GTK_IS_ACCEL_GROUP (accel_group)' failed

(waybar:13948): Gtk-CRITICAL **: 16:32:44.241: gtk_widget_add_accelerator: assertion 'GTK_IS_ACCEL_GROUP (accel_group)' failed

(waybar:13948): Gtk-CRITICAL **: 17:42:01.497: gtk_widget_set_accel_path: assertion 'GTK_IS_ACCEL_GROUP (accel_group)' failed

(waybar:13948): Gtk-CRITICAL **: 17:42:01.497: gtk_widget_add_accelerator: assertion 'GTK_IS_ACCEL_GROUP (accel_group)' failed

(waybar:13948): Gtk-CRITICAL **: 17:42:01.498: gtk_widget_set_accel_path: assertion 'GTK_IS_ACCEL_GROUP (accel_group)' failed

(waybar:13948): Gtk-CRITICAL **: 17:42:01.498: gtk_widget_add_accelerator: assertion 'GTK_IS_ACCEL_GROUP (accel_group)' failed

(waybar:13948): Gtk-CRITICAL **: 17:42:01.498: gtk_widget_set_accel_path: assertion 'GTK_IS_ACCEL_GROUP (accel_group)' failed

(waybar:13948): Gtk-CRITICAL **: 17:42:01.498: gtk_widget_add_accelerator: assertion 'GTK_IS_ACCEL_GROUP (accel_group)' failed

(waybar:13948): Gtk-CRITICAL **: 17:42:02.047: gtk_widget_set_accel_path: assertion 'GTK_IS_ACCEL_GROUP (accel_group)' failed

(waybar:13948): Gtk-CRITICAL **: 17:42:02.047: gtk_widget_add_accelerator: assertion 'GTK_IS_ACCEL_GROUP (accel_group)' failed

(waybar:13948): Gtk-CRITICAL **: 17:42:02.048: gtk_widget_set_accel_path: assertion 'GTK_IS_ACCEL_GROUP (accel_group)' failed

(waybar:13948): Gtk-CRITICAL **: 17:42:02.048: gtk_widget_add_accelerator: assertion 'GTK_IS_ACCEL_GROUP (accel_group)' failed

(waybar:13948): Gtk-CRITICAL **: 17:42:02.049: gtk_widget_set_accel_path: assertion 'GTK_IS_ACCEL_GROUP (accel_group)' failed

(waybar:13948): Gtk-CRITICAL **: 17:42:02.049: gtk_widget_add_accelerator: assertion 'GTK_IS_ACCEL_GROUP (accel_group)' failed

(waybar:13948): Gtk-CRITICAL **: 18:51:34.690: gtk_widget_set_accel_path: assertion 'GTK_IS_ACCEL_GROUP (accel_group)' failed

(waybar:13948): Gtk-CRITICAL **: 18:51:34.690: gtk_widget_add_accelerator: assertion 'GTK_IS_ACCEL_GROUP (accel_group)' failed

(waybar:13948): Gtk-CRITICAL **: 18:51:34.690: gtk_widget_set_accel_path: assertion 'GTK_IS_ACCEL_GROUP (accel_group)' failed

(waybar:13948): Gtk-CRITICAL **: 18:51:34.690: gtk_widget_add_accelerator: assertion 'GTK_IS_ACCEL_GROUP (accel_group)' failed

(waybar:13948): Gtk-CRITICAL **: 18:51:34.691: gtk_widget_set_accel_path: assertion 'GTK_IS_ACCEL_GROUP (accel_group)' failed

(waybar:13948): Gtk-CRITICAL **: 18:51:34.691: gtk_widget_add_accelerator: assertion 'GTK_IS_ACCEL_GROUP (accel_group)' failed
[2023-11-20 18:52:34.898] [info] Bar removed from output: HDMI-A-1

(waybar:13948): Gtk-CRITICAL **: 19:13:20.061: gtk_widget_set_accel_path: assertion 'GTK_IS_ACCEL_GROUP (accel_group)' failed

(waybar:13948): Gtk-CRITICAL **: 19:13:20.061: gtk_widget_add_accelerator: assertion 'GTK_IS_ACCEL_GROUP (accel_group)' failed

(waybar:13948): Gtk-CRITICAL **: 19:13:20.062: gtk_widget_set_accel_path: assertion 'GTK_IS_ACCEL_GROUP (accel_group)' failed

(waybar:13948): Gtk-CRITICAL **: 19:13:20.062: gtk_widget_add_accelerator: assertion 'GTK_IS_ACCEL_GROUP (accel_group)' failed

(waybar:13948): Gtk-CRITICAL **: 19:13:20.063: gtk_widget_set_accel_path: assertion 'GTK_IS_ACCEL_GROUP (accel_group)' failed

(waybar:13948): Gtk-CRITICAL **: 19:13:20.063: gtk_widget_add_accelerator: assertion 'GTK_IS_ACCEL_GROUP (accel_group)' failed
[2023-11-20 19:16:38.073] [error] Invalid Status Notifier Item: :1.376, /StatusNotifierItem
